This is pdfTeX, Version 3.141592653-2.6-1.40.28 (MiKTeX 25.12) (preloaded format=pdflatex 2026.2.8)  8 FEB 2026 23:34
entering extended mode
 restricted \write18 enabled.
 %&-line parsing enabled.
**./main.tex
(main.tex
LaTeX2e <2025-11-01>
L3 programming layer <2025-12-24>
(C:\Users\drew\AppData\Local\Programs\MiKTeX\tex/latex/base\article.cls
Document Class: article 2025/01/22 v1.4n Standard LaTeX document class
(C:\Users\drew\AppData\Local\Programs\MiKTeX\tex/latex/base\size11.clo
File: size11.clo 2025/01/22 v1.4n Standard LaTeX file (size option)
)
\c@part=\count275
\c@section=\count276
\c@subsection=\count277
\c@subsubsection=\count278
\c@paragraph=\count279
\c@subparagraph=\count280
\c@figure=\count281
\c@table=\count282
\abovecaptionskip=\skip49
\belowcaptionskip=\skip50
\bibindent=\dimen148
)
(C:\Users\drew\AppData\Local\Programs\MiKTeX\tex/latex/geometry\geometry.sty
Package: geometry 2020/01/02 v5.9 Page Geometry

(C:\Users\drew\AppData\Local\Programs\MiKTeX\tex/latex/graphics\keyval.sty
Package: keyval 2022/05/29 v1.15 key=value parser (DPC)
\KV@toks@=\toks17
)
(C:\Users\drew\AppData\Local\Programs\MiKTeX\tex/generic/iftex\ifvtex.sty
Package: ifvtex 2019/10/25 v1.7 ifvtex legacy package. Use iftex instead.

(C:\Users\drew\AppData\Local\Programs\MiKTeX\tex/generic/iftex\iftex.sty
Package: iftex 2024/12/12 v1.0g TeX engine tests
))
\Gm@cnth=\count283
\Gm@cntv=\count284
\c@Gm@tempcnt=\count285
\Gm@bindingoffset=\dimen149
\Gm@wd@mp=\dimen150
\Gm@odd@mp=\dimen151
\Gm@even@mp=\dimen152
\Gm@layoutwidth=\dimen153
\Gm@layoutheight=\dimen154
\Gm@layouthoffset=\dimen155
\Gm@layoutvoffset=\dimen156
\Gm@dimlist=\toks18

(C:\Users\drew\AppData\Local\Programs\MiKTeX\tex/latex/geometry\geometry.cfg))
(C:\Users\drew\AppData\Local\Programs\MiKTeX\tex/latex/base\fontenc.sty
Package: fontenc 2025/07/18 v2.1d Standard LaTeX package
)
(C:\Users\drew\AppData\Local\Programs\MiKTeX\tex/latex/base\inputenc.sty
Package: inputenc 2024/02/08 v1.3d Input encoding file
\inpenc@prehook=\toks19
\inpenc@posthook=\toks20
)
(C:\Users\drew\AppData\Local\Programs\MiKTeX\tex/latex/psnfss\mathptmx.sty
Package: mathptmx 2020/03/25 PSNFSS-v9.3 Times w/ Math, improved (SPQR, WaS) 
LaTeX Font Info:    Redeclaring symbol font `operators' on input line 28.
LaTeX Font Info:    Overwriting symbol font `operators' in version `normal'
(Font)                  OT1/cmr/m/n --> OT1/ztmcm/m/n on input line 28.
LaTeX Font Info:    Overwriting symbol font `operators' in version `bold'
(Font)                  OT1/cmr/bx/n --> OT1/ztmcm/m/n on input line 28.
LaTeX Font Info:    Redeclaring symbol font `letters' on input line 29.
LaTeX Font Info:    Overwriting symbol font `letters' in version `normal'
(Font)                  OML/cmm/m/it --> OML/ztmcm/m/it on input line 29.
LaTeX Font Info:    Overwriting symbol font `letters' in version `bold'
(Font)                  OML/cmm/b/it --> OML/ztmcm/m/it on input line 29.
LaTeX Font Info:    Redeclaring symbol font `symbols' on input line 30.
LaTeX Font Info:    Overwriting symbol font `symbols' in version `normal'
(Font)                  OMS/cmsy/m/n --> OMS/ztmcm/m/n on input line 30.
LaTeX Font Info:    Overwriting symbol font `symbols' in version `bold'
(Font)                  OMS/cmsy/b/n --> OMS/ztmcm/m/n on input line 30.
LaTeX Font Info:    Redeclaring symbol font `largesymbols' on input line 31.
LaTeX Font Info:    Overwriting symbol font `largesymbols' in version `normal'
(Font)                  OMX/cmex/m/n --> OMX/ztmcm/m/n on input line 31.
LaTeX Font Info:    Overwriting symbol font `largesymbols' in version `bold'
(Font)                  OMX/cmex/m/n --> OMX/ztmcm/m/n on input line 31.
\symbold=\mathgroup4
\symitalic=\mathgroup5
LaTeX Font Info:    Redeclaring math alphabet \mathbf on input line 34.
LaTeX Font Info:    Overwriting math alphabet `\mathbf' in version `normal'
(Font)                  OT1/cmr/bx/n --> OT1/ptm/bx/n on input line 34.
LaTeX Font Info:    Overwriting math alphabet `\mathbf' in version `bold'
(Font)                  OT1/cmr/bx/n --> OT1/ptm/bx/n on input line 34.
LaTeX Font Info:    Redeclaring math alphabet \mathit on input line 35.
LaTeX Font Info:    Overwriting math alphabet `\mathit' in version `normal'
(Font)                  OT1/cmr/m/it --> OT1/ptm/m/it on input line 35.
LaTeX Font Info:    Overwriting math alphabet `\mathit' in version `bold'
(Font)                  OT1/cmr/bx/it --> OT1/ptm/m/it on input line 35.
LaTeX Info: Redefining \hbar on input line 50.
)
(C:\Users\drew\AppData\Local\Programs\MiKTeX\tex/latex/amsmath\amsmath.sty
Package: amsmath 2025/07/09 v2.17z AMS math features
\@mathmargin=\skip51

For additional information on amsmath, use the `?' option.
(C:\Users\drew\AppData\Local\Programs\MiKTeX\tex/latex/amsmath\amstext.sty
Package: amstext 2024/11/17 v2.01 AMS text

(C:\Users\drew\AppData\Local\Programs\MiKTeX\tex/latex/amsmath\amsgen.sty
File: amsgen.sty 1999/11/30 v2.0 generic functions
\@emptytoks=\toks21
\ex@=\dimen157
))
(C:\Users\drew\AppData\Local\Programs\MiKTeX\tex/latex/amsmath\amsbsy.sty
Package: amsbsy 1999/11/29 v1.2d Bold Symbols
\pmbraise@=\dimen158
)
(C:\Users\drew\AppData\Local\Programs\MiKTeX\tex/latex/amsmath\amsopn.sty
Package: amsopn 2022/04/08 v2.04 operator names
)
\inf@bad=\count286
LaTeX Info: Redefining \frac on input line 233.
\uproot@=\count287
\leftroot@=\count288
LaTeX Info: Redefining \overline on input line 398.
LaTeX Info: Redefining \colon on input line 409.
\classnum@=\count289
\DOTSCASE@=\count290
LaTeX Info: Redefining \ldots on input line 495.
LaTeX Info: Redefining \dots on input line 498.
LaTeX Info: Redefining \cdots on input line 619.
\Mathstrutbox@=\box53
\strutbox@=\box54
LaTeX Info: Redefining \big on input line 721.
LaTeX Info: Redefining \Big on input line 722.
LaTeX Info: Redefining \bigg on input line 723.
LaTeX Info: Redefining \Bigg on input line 724.
\big@size=\dimen159
LaTeX Font Info:    Redeclaring font encoding OML on input line 742.
LaTeX Font Info:    Redeclaring font encoding OMS on input line 743.
\macc@depth=\count291
LaTeX Info: Redefining \bmod on input line 904.
LaTeX Info: Redefining \pmod on input line 909.
LaTeX Info: Redefining \smash on input line 939.
LaTeX Info: Redefining \relbar on input line 969.
LaTeX Info: Redefining \Relbar on input line 970.
\c@MaxMatrixCols=\count292
\dotsspace@=\muskip17
\c@parentequation=\count293
\dspbrk@lvl=\count294
\tag@help=\toks22
\row@=\count295
\column@=\count296
\maxfields@=\count297
\andhelp@=\toks23
\eqnshift@=\dimen160
\alignsep@=\dimen161
\tagshift@=\dimen162
\tagwidth@=\dimen163
\totwidth@=\dimen164
\lineht@=\dimen165
\@envbody=\toks24
\multlinegap=\skip52
\multlinetaggap=\skip53
\mathdisplay@stack=\toks25
LaTeX Info: Redefining \[ on input line 2950.
LaTeX Info: Redefining \] on input line 2951.
)
(C:\Users\drew\AppData\Local\Programs\MiKTeX\tex/latex/amsfonts\amssymb.sty
Package: amssymb 2013/01/14 v3.01 AMS font symbols

(C:\Users\drew\AppData\Local\Programs\MiKTeX\tex/latex/amsfonts\amsfonts.sty
Package: amsfonts 2013/01/14 v3.01 Basic AMSFonts support
\symAMSa=\mathgroup6
\symAMSb=\mathgroup7
LaTeX Font Info:    Overwriting math alphabet `\mathfrak' in version `bold'
(Font)                  U/euf/m/n --> U/euf/b/n on input line 106.
))
(C:\Users\drew\AppData\Local\Programs\MiKTeX\tex/latex/graphics\graphicx.sty
Package: graphicx 2024/12/31 v1.2e Enhanced LaTeX Graphics (DPC,SPQR)

(C:\Users\drew\AppData\Local\Programs\MiKTeX\tex/latex/graphics\graphics.sty
Package: graphics 2024/08/06 v1.4g Standard LaTeX Graphics (DPC,SPQR)

(C:\Users\drew\AppData\Local\Programs\MiKTeX\tex/latex/graphics\trig.sty
Package: trig 2023/12/02 v1.11 sin cos tan (DPC)
)
(C:\Users\drew\AppData\Local\Programs\MiKTeX\tex/latex/graphics-cfg\graphics.cf
g
File: graphics.cfg 2016/06/04 v1.11 sample graphics configuration
)
Package graphics Info: Driver file: pdftex.def on input line 106.

(C:\Users\drew\AppData\Local\Programs\MiKTeX\tex/latex/graphics-def\pdftex.def
File: pdftex.def 2025/09/29 v1.2d Graphics/color driver for pdftex
))
\Gin@req@height=\dimen166
\Gin@req@width=\dimen167
) (C:\Users\drew\AppData\Local\Programs\MiKTeX\tex/latex/caption\caption.sty
Package: caption 2023/08/05 v3.6o Customizing captions (AR)

(C:\Users\drew\AppData\Local\Programs\MiKTeX\tex/latex/caption\caption3.sty
Package: caption3 2023/07/31 v2.4d caption3 kernel (AR)
\caption@tempdima=\dimen168
\captionmargin=\dimen169
\caption@leftmargin=\dimen170
\caption@rightmargin=\dimen171
\caption@width=\dimen172
\caption@indent=\dimen173
\caption@parindent=\dimen174
\caption@hangindent=\dimen175
Package caption Info: Standard document class detected.
)
\c@caption@flags=\count298
\c@continuedfloat=\count299
)
(C:\Users\drew\AppData\Local\Programs\MiKTeX\tex/latex/caption\subcaption.sty
Package: subcaption 2023/07/28 v1.6b Sub-captions (AR)
Package caption Info: New subtype `subfigure' on input line 238.
\c@subfigure=\count300
Package caption Info: New subtype `subtable' on input line 238.
\c@subtable=\count301
)
(C:\Users\drew\AppData\Local\Programs\MiKTeX\tex/latex/booktabs\booktabs.sty
Package: booktabs 2020/01/12 v1.61803398 Publication quality tables
\heavyrulewidth=\dimen176
\lightrulewidth=\dimen177
\cmidrulewidth=\dimen178
\belowrulesep=\dimen179
\belowbottomsep=\dimen180
\aboverulesep=\dimen181
\abovetopsep=\dimen182
\cmidrulesep=\dimen183
\cmidrulekern=\dimen184
\defaultaddspace=\dimen185
\@cmidla=\count302
\@cmidlb=\count303
\@aboverulesep=\dimen186
\@belowrulesep=\dimen187
\@thisruleclass=\count304
\@lastruleclass=\count305
\@thisrulewidth=\dimen188
)
(C:\Users\drew\AppData\Local\Programs\MiKTeX\tex/latex/tools\array.sty
Package: array 2025/09/25 v2.6n Tabular extension package (FMi)
\col@sep=\dimen189
\ar@mcellbox=\box55
\extrarowheight=\dimen190
\NC@list=\toks26
\extratabsurround=\skip54
\backup@length=\skip55
\ar@cellbox=\box56
)
(C:\Users\drew\AppData\Local\Programs\MiKTeX\tex/latex/multirow\multirow.sty
Package: multirow 2024/11/12 v2.9 Span multiple rows of a table
\multirow@colwidth=\skip56
\multirow@cntb=\count306
\multirow@dima=\skip57
\bigstrutjot=\dimen191
)
(C:\Users\drew\AppData\Local\Programs\MiKTeX\tex/latex/microtype\microtype.sty
Package: microtype 2025/07/09 v3.2b Micro-typographical refinements (RS)

(C:\Users\drew\AppData\Local\Programs\MiKTeX\tex/latex/etoolbox\etoolbox.sty
Package: etoolbox 2025/10/02 v2.5m e-TeX tools for LaTeX (JAW)
\etb@tempcnta=\count307
)
\MT@toks=\toks27
\MT@tempbox=\box57
\MT@count=\count308
LaTeX Info: Redefining \noprotrusionifhmode on input line 1087.
LaTeX Info: Redefining \leftprotrusion on input line 1088.
\MT@prot@toks=\toks28
LaTeX Info: Redefining \rightprotrusion on input line 1107.
LaTeX Info: Redefining \textls on input line 1449.
\MT@outer@kern=\dimen192
LaTeX Info: Redefining \microtypecontext on input line 2053.
LaTeX Info: Redefining \textmicrotypecontext on input line 2070.
\MT@listname@count=\count309

(C:\Users\drew\AppData\Local\Programs\MiKTeX\tex/latex/microtype\microtype-pdft
ex.def
File: microtype-pdftex.def 2025/07/09 v3.2b Definitions specific to pdftex (RS)

LaTeX Info: Redefining \lsstyle on input line 944.
LaTeX Info: Redefining \lslig on input line 944.
\MT@outer@space=\skip58
)
Package microtype Info: Loading configuration file microtype.cfg.

(C:\Users\drew\AppData\Local\Programs\MiKTeX\tex/latex/microtype\microtype.cfg
File: microtype.cfg 2025/07/09 v3.2b microtype main configuration file (RS)
)
LaTeX Info: Redefining \microtypesetup on input line 3065.
) (C:\Users\drew\AppData\Local\Programs\MiKTeX\tex/latex/base\textcomp.sty
Package: textcomp 2024/04/24 v2.1b Standard LaTeX package
)
(C:\Users\drew\AppData\Local\Programs\MiKTeX\tex/latex/tools\xspace.sty
Package: xspace 2014/10/28 v1.13 Space after command names (DPC,MH)
)
(C:\Users\drew\AppData\Local\Programs\MiKTeX\tex/latex/xcolor\xcolor.sty
Package: xcolor 2024/09/29 v3.02 LaTeX color extensions (UK)

(C:\Users\drew\AppData\Local\Programs\MiKTeX\tex/latex/graphics-cfg\color.cfg
File: color.cfg 2016/01/02 v1.6 sample color configuration
)
Package xcolor Info: Driver file: pdftex.def on input line 274.

(C:\Users\drew\AppData\Local\Programs\MiKTeX\tex/latex/graphics\mathcolor.ltx)
Package xcolor Info: Model `cmy' substituted by `cmy0' on input line 1349.
Package xcolor Info: Model `hsb' substituted by `rgb' on input line 1353.
Package xcolor Info: Model `RGB' extended on input line 1365.
Package xcolor Info: Model `HTML' substituted by `rgb' on input line 1367.
Package xcolor Info: Model `Hsb' substituted by `hsb' on input line 1368.
Package xcolor Info: Model `tHsb' substituted by `hsb' on input line 1369.
Package xcolor Info: Model `HSB' substituted by `hsb' on input line 1370.
Package xcolor Info: Model `Gray' substituted by `gray' on input line 1371.
Package xcolor Info: Model `wave' substituted by `hsb' on input line 1372.
) (C:\Users\drew\AppData\Local\Programs\MiKTeX\tex/latex/graphics\dvipsnam.def
File: dvipsnam.def 2016/06/17 v3.0m Driver-dependent file (DPC,SPQR)
)
(C:\Users\drew\AppData\Local\Programs\MiKTeX\tex/latex/hyperref\hyperref.sty
Package: hyperref 2025-07-12 v7.01o Hypertext links for LaTeX

(C:\Users\drew\AppData\Local\Programs\MiKTeX\tex/latex/kvsetkeys\kvsetkeys.sty
Package: kvsetkeys 2022-10-05 v1.19 Key value parser (HO)
)
(C:\Users\drew\AppData\Local\Programs\MiKTeX\tex/generic/kvdefinekeys\kvdefinek
eys.sty
Package: kvdefinekeys 2019-12-19 v1.6 Define keys (HO)
)
(C:\Users\drew\AppData\Local\Programs\MiKTeX\tex/generic/pdfescape\pdfescape.st
y
Package: pdfescape 2019/12/09 v1.15 Implements pdfTeX's escape features (HO)
 (C:\Users\drew\AppData\Local\Programs\MiKTeX\tex/generic/ltxcmds\ltxcmds.sty
Package: ltxcmds 2023-12-04 v1.26 LaTeX kernel commands for general use (HO)
)
(C:\Users\drew\AppData\Local\Programs\MiKTeX\tex/generic/pdftexcmds\pdftexcmds.
sty
Package: pdftexcmds 2020-06-27 v0.33 Utility functions of pdfTeX for LuaTeX (HO
)

(C:\Users\drew\AppData\Local\Programs\MiKTeX\tex/generic/infwarerr\infwarerr.st
y
Package: infwarerr 2019/12/03 v1.5 Providing info/warning/error messages (HO)
)
Package pdftexcmds Info: \pdf@primitive is available.
Package pdftexcmds Info: \pdf@ifprimitive is available.
Package pdftexcmds Info: \pdfdraftmode found.
)) (C:\Users\drew\AppData\Local\Programs\MiKTeX\tex/latex/hycolor\hycolor.sty
Package: hycolor 2020-01-27 v1.10 Color options for hyperref/bookmark (HO)
) (C:\Users\drew\AppData\Local\Programs\MiKTeX\tex/latex/hyperref\nameref.sty
Package: nameref 2025-06-21 v2.57 Cross-referencing by name of section

(C:\Users\drew\AppData\Local\Programs\MiKTeX\tex/latex/refcount\refcount.sty
Package: refcount 2019/12/15 v3.6 Data extraction from label references (HO)
)
(C:\Users\drew\AppData\Local\Programs\MiKTeX\tex/generic/gettitlestring\gettitl
estring.sty
Package: gettitlestring 2019/12/15 v1.6 Cleanup title references (HO)

(C:\Users\drew\AppData\Local\Programs\MiKTeX\tex/latex/kvoptions\kvoptions.sty
Package: kvoptions 2022-06-15 v3.15 Key value format for package options (HO)
))
\c@section@level=\count310
)
(C:\Users\drew\AppData\Local\Programs\MiKTeX\tex/generic/stringenc\stringenc.st
y
Package: stringenc 2019/11/29 v1.12 Convert strings between diff. encodings (HO
)
)
\@linkdim=\dimen193
\Hy@linkcounter=\count311
\Hy@pagecounter=\count312
 (C:\Users\drew\AppData\Local\Programs\MiKTeX\tex/latex/hyperref\pd1enc.def
File: pd1enc.def 2025-07-12 v7.01o Hyperref: PDFDocEncoding definition (HO)
Now handling font encoding PD1 ...
... no UTF-8 mapping file for font encoding PD1
)
(C:\Users\drew\AppData\Local\Programs\MiKTeX\tex/generic/intcalc\intcalc.sty
Package: intcalc 2019/12/15 v1.3 Expandable calculations with integers (HO)
)
\Hy@SavedSpaceFactor=\count313

(C:\Users\drew\AppData\Local\Programs\MiKTeX\tex/latex/hyperref\puenc.def
File: puenc.def 2025-07-12 v7.01o Hyperref: PDF Unicode definition (HO)
Now handling font encoding PU ...
... no UTF-8 mapping file for font encoding PU
)
Package hyperref Info: Option `colorlinks' set `true' on input line 4066.
Package hyperref Info: Hyper figures OFF on input line 4195.
Package hyperref Info: Link nesting OFF on input line 4200.
Package hyperref Info: Hyper index ON on input line 4203.
Package hyperref Info: Plain pages OFF on input line 4210.
Package hyperref Info: Backreferencing OFF on input line 4215.
Package hyperref Info: Implicit mode ON; LaTeX internals redefined.
Package hyperref Info: Bookmarks ON on input line 4462.
\c@Hy@tempcnt=\count314

(C:\Users\drew\AppData\Local\Programs\MiKTeX\tex/latex/url\url.sty
\Urlmuskip=\muskip18
Package: url 2013/09/16  ver 3.4  Verb mode for urls, etc.
)
LaTeX Info: Redefining \url on input line 4801.
\XeTeXLinkMargin=\dimen194

(C:\Users\drew\AppData\Local\Programs\MiKTeX\tex/generic/bitset\bitset.sty
Package: bitset 2019/12/09 v1.3 Handle bit-vector datatype (HO)

(C:\Users\drew\AppData\Local\Programs\MiKTeX\tex/generic/bigintcalc\bigintcalc.
sty
Package: bigintcalc 2019/12/15 v1.5 Expandable calculations on big integers (HO
)
))
\Fld@menulength=\count315
\Field@Width=\dimen195
\Fld@charsize=\dimen196
Package hyperref Info: Hyper figures OFF on input line 6078.
Package hyperref Info: Link nesting OFF on input line 6083.
Package hyperref Info: Hyper index ON on input line 6086.
Package hyperref Info: backreferencing OFF on input line 6093.
Package hyperref Info: Link coloring ON on input line 6096.
Package hyperref Info: Link coloring with OCG OFF on input line 6103.
Package hyperref Info: PDF/A mode OFF on input line 6108.
\Hy@abspage=\count316
\c@Item=\count317
\c@Hfootnote=\count318
)
Package hyperref Info: Driver (autodetected): hpdftex.

(C:\Users\drew\AppData\Local\Programs\MiKTeX\tex/latex/hyperref\hpdftex.def
File: hpdftex.def 2025-07-12 v7.01o Hyperref driver for pdfTeX
\Fld@listcount=\count319
\c@bookmark@seq@number=\count320

(C:\Users\drew\AppData\Local\Programs\MiKTeX\tex/latex/rerunfilecheck\rerunfile
check.sty
Package: rerunfilecheck 2025-06-21 v1.11 Rerun checks for auxiliary files (HO)

(C:\Users\drew\AppData\Local\Programs\MiKTeX\tex/generic/uniquecounter\uniqueco
unter.sty
Package: uniquecounter 2019/12/15 v1.4 Provide unlimited unique counter (HO)
)
Package uniquecounter Info: New unique counter `rerunfilecheck' on input line 2
84.
)
\Hy@SectionHShift=\skip59
)
(C:\Users\drew\AppData\Local\Programs\MiKTeX\tex/latex/natbib\natbib.sty
Package: natbib 2010/09/13 8.31b (PWD, AO)
\bibhang=\skip60
\bibsep=\skip61
LaTeX Info: Redefining \cite on input line 694.
\c@NAT@ctr=\count321
)
(C:\Users\drew\AppData\Local\Programs\MiKTeX\tex/latex/titlesec\titlesec.sty
Package: titlesec 2025/01/04 v2.17 Sectioning titles
\ttl@box=\box58
\beforetitleunit=\skip62
\aftertitleunit=\skip63
\ttl@plus=\dimen197
\ttl@minus=\dimen198
\ttl@toksa=\toks29
\titlewidth=\dimen199
\titlewidthlast=\dimen256
\titlewidthfirst=\dimen257
)
(C:\Users\drew\AppData\Local\Programs\MiKTeX\tex/latex/float\float.sty
Package: float 2001/11/08 v1.3d Float enhancements (AL)
\c@float@type=\count322
\float@exts=\toks30
\float@box=\box59
\@float@everytoks=\toks31
\@floatcapt=\box60
)
(C:\Users\drew\AppData\Local\Programs\MiKTeX\tex/latex/placeins\placeins.sty
Package: placeins 2005/04/18  v 2.2
)
(C:\Users\drew\AppData\Local\Programs\MiKTeX\tex/latex/abstract\abstract.sty
Package: abstract 2009/06/08 v1.2a configurable abstracts
\abstitleskip=\skip64
\absleftindent=\skip65
\absrightindent=\skip66
\absparindent=\skip67
\absparsep=\skip68
)
LaTeX Font Info:    Trying to load font information for T1+ptm on input line 57
.

(C:\Users\drew\AppData\Local\Programs\MiKTeX\tex/latex/psnfss\t1ptm.fd
File: t1ptm.fd 2001/06/04 font definitions for T1/ptm.
)
(C:\Users\drew\AppData\Local\Programs\MiKTeX\tex/latex/l3backend\l3backend-pdft
ex.def
File: l3backend-pdftex.def 2025-10-09 L3 backend support: PDF output (pdfTeX)
\l__color_backend_stack_int=\count323
) (main.aux)
\openout1 = `main.aux'.

LaTeX Font Info:    Checking defaults for OML/cmm/m/it on input line 57.
LaTeX Font Info:    ... okay on input line 57.
LaTeX Font Info:    Checking defaults for OMS/cmsy/m/n on input line 57.
LaTeX Font Info:    ... okay on input line 57.
LaTeX Font Info:    Checking defaults for OT1/cmr/m/n on input line 57.
LaTeX Font Info:    ... okay on input line 57.
LaTeX Font Info:    Checking defaults for T1/cmr/m/n on input line 57.
LaTeX Font Info:    ... okay on input line 57.
LaTeX Font Info:    Checking defaults for TS1/cmr/m/n on input line 57.
LaTeX Font Info:    ... okay on input line 57.
LaTeX Font Info:    Checking defaults for OMX/cmex/m/n on input line 57.
LaTeX Font Info:    ... okay on input line 57.
LaTeX Font Info:    Checking defaults for U/cmr/m/n on input line 57.
LaTeX Font Info:    ... okay on input line 57.
LaTeX Font Info:    Checking defaults for PD1/pdf/m/n on input line 57.
LaTeX Font Info:    ... okay on input line 57.
LaTeX Font Info:    Checking defaults for PU/pdf/m/n on input line 57.
LaTeX Font Info:    ... okay on input line 57.

*geometry* driver: auto-detecting
*geometry* detected driver: pdftex
*geometry* verbose mode - [ preamble ] result:
* driver: pdftex
* paper: letterpaper
* layout: <same size as paper>
* layoutoffset:(h,v)=(0.0pt,0.0pt)
* modes: 
* h-part:(L,W,R)=(72.26999pt, 469.75502pt, 72.26999pt)
* v-part:(T,H,B)=(72.26999pt, 650.43001pt, 72.26999pt)
* \paperwidth=614.295pt
* \paperheight=794.96999pt
* \textwidth=469.75502pt
* \textheight=650.43001pt
* \oddsidemargin=0.0pt
* \evensidemargin=0.0pt
* \topmargin=-37.0pt
* \headheight=12.0pt
* \headsep=25.0pt
* \topskip=11.0pt
* \footskip=30.0pt
* \marginparwidth=59.0pt
* \marginparsep=10.0pt
* \columnsep=10.0pt
* \skip\footins=10.0pt plus 4.0pt minus 2.0pt
* \hoffset=0.0pt
* \voffset=0.0pt
* \mag=1000
* \@twocolumnfalse
* \@twosidefalse
* \@mparswitchfalse
* \@reversemarginfalse
* (1in=72.27pt=25.4mm, 1cm=28.453pt)


(C:\Users\drew\AppData\Local\Programs\MiKTeX\tex/context/base/mkii\supp-pdf.mki
i
[Loading MPS to PDF converter (version 2006.09.02).]
\scratchcounter=\count324
\scratchdimen=\dimen258
\scratchbox=\box61
\nofMPsegments=\count325
\nofMParguments=\count326
\everyMPshowfont=\toks32
\MPscratchCnt=\count327
\MPscratchDim=\dimen259
\MPnumerator=\count328
\makeMPintoPDFobject=\count329
\everyMPtoPDFconversion=\toks33
)
(C:\Users\drew\AppData\Local\Programs\MiKTeX\tex/latex/epstopdf-pkg\epstopdf-ba
se.sty
Package: epstopdf-base 2020-01-24 v2.11 Base part for package epstopdf
Package epstopdf-base Info: Redefining graphics rule for `.eps' on input line 4
85.

(C:\Users\drew\AppData\Local\Programs\MiKTeX\tex/latex/00miktex\epstopdf-sys.cf
g
File: epstopdf-sys.cfg 2021/03/18 v2.0 Configuration of epstopdf for MiKTeX
))
Package caption Info: Begin \AtBeginDocument code.
Package caption Info: float package is loaded.
Package caption Info: hyperref package is loaded.
Package caption Info: End \AtBeginDocument code.
LaTeX Info: Redefining \microtypecontext on input line 57.
Package microtype Info: Applying patch `item' on input line 57.
Package microtype Info: Applying patch `toc' on input line 57.
Package microtype Info: Applying patch `eqnum' on input line 57.
Package microtype Info: Applying patch `footnote' on input line 57.
Package microtype Info: Applying patch `verbatim' on input line 57.
LaTeX Info: Redefining \microtypesetup on input line 57.
Package microtype Info: Generating PDF output.
Package microtype Info: Character protrusion enabled (level 2).
Package microtype Info: Using default protrusion set `alltext'.
Package microtype Info: Automatic font expansion enabled (level 2),
(microtype)             stretch: 20, shrink: 20, step: 1, non-selected.
Package microtype Info: Using default expansion set `alltext-nott'.
Package microtype Info: Patching command `\showhyphens'.
Package microtype Info: No adjustment of tracking.
Package microtype Info: No adjustment of interword spacing.
Package microtype Info: No adjustment of character kerning.
 (C:\Users\drew\AppData\Local\Programs\MiKTeX\tex/latex/microtype\mt-ptm.cfg
File: mt-ptm.cfg 2006/04/20 v1.7 microtype config. file: Times (RS)
)
Package hyperref Info: Link coloring ON on input line 57.
 (main.out) (main.out)
\@outlinefile=\write3
\openout3 = `main.out'.

LaTeX Font Info:    Trying to load font information for OT1+ztmcm on input line
 65.

(C:\Users\drew\AppData\Local\Programs\MiKTeX\tex/latex/psnfss\ot1ztmcm.fd
File: ot1ztmcm.fd 2000/01/03 Fontinst v1.801 font definitions for OT1/ztmcm.
)
Package microtype Info: Loading generic protrusion settings for font family
(microtype)             `ztmcm' (encoding: OT1).
(microtype)             For optimal results, create family-specific settings.
(microtype)             See the microtype manual for details.
LaTeX Font Info:    Trying to load font information for OML+ztmcm on input line
 65.

(C:\Users\drew\AppData\Local\Programs\MiKTeX\tex/latex/psnfss\omlztmcm.fd
File: omlztmcm.fd 2000/01/03 Fontinst v1.801 font definitions for OML/ztmcm.
)
LaTeX Font Info:    Trying to load font information for OMS+ztmcm on input line
 65.

(C:\Users\drew\AppData\Local\Programs\MiKTeX\tex/latex/psnfss\omsztmcm.fd
File: omsztmcm.fd 2000/01/03 Fontinst v1.801 font definitions for OMS/ztmcm.
)
LaTeX Font Info:    Trying to load font information for OMX+ztmcm on input line
 65.

(C:\Users\drew\AppData\Local\Programs\MiKTeX\tex/latex/psnfss\omxztmcm.fd
File: omxztmcm.fd 2000/01/03 Fontinst v1.801 font definitions for OMX/ztmcm.
)
LaTeX Font Info:    Trying to load font information for OT1+ptm on input line 6
5.

(C:\Users\drew\AppData\Local\Programs\MiKTeX\tex/latex/psnfss\ot1ptm.fd
File: ot1ptm.fd 2001/06/04 font definitions for OT1/ptm.
)
LaTeX Font Info:    Font shape `OT1/ptm/bx/n' in size <12> not available
(Font)              Font shape `OT1/ptm/b/n' tried instead on input line 65.
LaTeX Font Info:    Font shape `OT1/ptm/bx/n' in size <9> not available
(Font)              Font shape `OT1/ptm/b/n' tried instead on input line 65.
LaTeX Font Info:    Font shape `OT1/ptm/bx/n' in size <7> not available
(Font)              Font shape `OT1/ptm/b/n' tried instead on input line 65.

(C:\Users\drew\AppData\Local\Programs\MiKTeX\tex/latex/microtype\mt-msa.cfg
File: mt-msa.cfg 2006/02/04 v1.1 microtype config. file: AMS symbols (a) (RS)
)
(C:\Users\drew\AppData\Local\Programs\MiKTeX\tex/latex/microtype\mt-msb.cfg
File: mt-msb.cfg 2005/06/01 v1.0 microtype config. file: AMS symbols (b) (RS)
)
LaTeX Font Info:    Font shape `OT1/ptm/bx/n' in size <10.95> not available
(Font)              Font shape `OT1/ptm/b/n' tried instead on input line 69.
LaTeX Font Info:    Font shape `OT1/ptm/bx/n' in size <8> not available
(Font)              Font shape `OT1/ptm/b/n' tried instead on input line 69.
LaTeX Font Info:    Font shape `OT1/ptm/bx/n' in size <6> not available
(Font)              Font shape `OT1/ptm/b/n' tried instead on input line 69.
LaTeX Font Info:    Font shape `OT1/ptm/bx/n' in size <10> not available
(Font)              Font shape `OT1/ptm/b/n' tried instead on input line 77.
LaTeX Font Info:    Font shape `OT1/ptm/bx/n' in size <7.4> not available
(Font)              Font shape `OT1/ptm/b/n' tried instead on input line 77.

(sections/01_introduction.tex [1

{C:/Users/drew/AppData/Local/MiKTeX/fonts/map/pdftex/pdftex.map}{C:/Users/drew/
AppData/Local/Programs/MiKTeX/fonts/enc/dvips/base/8r.enc}]) (sections/02_synop
tic_overview.tex [2]
LaTeX Font Info:    Trying to load font information for TS1+ptm on input line 1
2.

(C:\Users\drew\AppData\Local\Programs\MiKTeX\tex/latex/psnfss\ts1ptm.fd
File: ts1ptm.fd 2001/06/04 font definitions for TS1/ptm.
)
<figures/synoptic_pv_ew_f15.png, id=263, 1228.59pt x 794.97pt>
File: figures/synoptic_pv_ew_f15.png Graphic file (type png)
<use figures/synoptic_pv_ew_f15.png>
Package pdftex.def Info: figures/synoptic_pv_ew_f15.png  used on input line 22.

(pdftex.def)             Requested size: 469.75502pt x 303.9598pt.

[3] [4 <./figures/synoptic_pv_ew_f15.png>]
<figures/synoptic_temp_ew_f15.png, id=277, 1228.59pt x 794.97pt>
File: figures/synoptic_temp_ew_f15.png Graphic file (type png)
<use figures/synoptic_temp_ew_f15.png>
Package pdftex.def Info: figures/synoptic_temp_ew_f15.png  used on input line 4
3.
(pdftex.def)             Requested size: 469.75502pt x 303.9598pt.
 [5 <./figures/synoptic_temp_ew_f15.png>]
<figures/synoptic_wind_ew_f15.png, id=288, 1228.59pt x 794.97pt>
File: figures/synoptic_wind_ew_f15.png Graphic file (type png)
<use figures/synoptic_wind_ew_f15.png>
Package pdftex.def Info: figures/synoptic_wind_ew_f15.png  used on input line 7
0.
(pdftex.def)             Requested size: 469.75502pt x 303.9598pt.
<figures/overview_canyon_wind_f15.png, id=289, 1228.59pt x 794.97pt>
File: figures/overview_canyon_wind_f15.png Graphic file (type png)
<use figures/overview_canyon_wind_f15.png>
Package pdftex.def Info: figures/overview_canyon_wind_f15.png  used on input li
ne 77.
(pdftex.def)             Requested size: 469.75502pt x 303.9598pt.
<figures/synoptic_omega_ew_f15.png, id=291, 1228.59pt x 794.97pt>
File: figures/synoptic_omega_ew_f15.png Graphic file (type png)
<use figures/synoptic_omega_ew_f15.png>
Package pdftex.def Info: figures/synoptic_omega_ew_f15.png  used on input line 
93.
(pdftex.def)             Requested size: 469.75502pt x 303.9598pt.
 [6] [7 <./figures/synoptic_wind_ew_f15.png>] [8 <./figures/overview_canyon_win
d_f15.png>] [9 <./figures/synoptic_omega_ew_f15.png>]
<figures/synoptic_rh_ew_f15.png, id=317, 1228.59pt x 794.97pt>
File: figures/synoptic_rh_ew_f15.png Graphic file (type png)
<use figures/synoptic_rh_ew_f15.png>
Package pdftex.def Info: figures/synoptic_rh_ew_f15.png  used on input line 109
.
(pdftex.def)             Requested size: 469.75502pt x 303.9598pt.
<figures/overview_canyon_rh_f15.png, id=318, 1228.59pt x 794.97pt>
File: figures/overview_canyon_rh_f15.png Graphic file (type png)
<use figures/overview_canyon_rh_f15.png>
Package pdftex.def Info: figures/overview_canyon_rh_f15.png  used on input line
 116.
(pdftex.def)             Requested size: 469.75502pt x 303.9598pt.
 [10 <./figures/synoptic_rh_ew_f15.png>] [11 <./figures/overview_canyon_rh_f15.
png>]
<figures/overview_canyon_temp_f15.png, id=332, 1228.59pt x 794.97pt>
File: figures/overview_canyon_temp_f15.png Graphic file (type png)
<use figures/overview_canyon_temp_f15.png>
Package pdftex.def Info: figures/overview_canyon_temp_f15.png  used on input li
ne 136.
(pdftex.def)             Requested size: 469.75502pt x 303.9598pt.
)
(sections/03_wind_dynamics.tex [12] [13 <./figures/overview_canyon_temp_f15.png
>]
<figures/wind_canyon_f15.png, id=348, 1228.59pt x 794.97pt>
File: figures/wind_canyon_f15.png Graphic file (type png)
<use figures/wind_canyon_f15.png>
Package pdftex.def Info: figures/wind_canyon_f15.png  used on input line 20.
(pdftex.def)             Requested size: 469.75502pt x 303.9598pt.
 [14 <./figures/wind_canyon_f15.png>]
File: figures/wind_canyon_f15.png Graphic file (type png)
<use figures/wind_canyon_f15.png>
Package pdftex.def Info: figures/wind_canyon_f15.png  used on input line 59.
(pdftex.def)             Requested size: 225.4804pt x 145.8905pt.
<figures/wind_canyon_f18.png, id=358, 1228.59pt x 794.97pt>
File: figures/wind_canyon_f18.png Graphic file (type png)
<use figures/wind_canyon_f18.png>
Package pdftex.def Info: figures/wind_canyon_f18.png  used on input line 65.
(pdftex.def)             Requested size: 225.4804pt x 145.8905pt.
<figures/wind_canyon_f20.png, id=359, 1228.59pt x 794.97pt>
File: figures/wind_canyon_f20.png Graphic file (type png)
<use figures/wind_canyon_f20.png>
Package pdftex.def Info: figures/wind_canyon_f20.png  used on input line 74.
(pdftex.def)             Requested size: 225.4804pt x 145.8905pt.
<figures/wind_canyon_f24.png, id=360, 1228.59pt x 794.97pt>
File: figures/wind_canyon_f24.png Graphic file (type png)
<use figures/wind_canyon_f24.png>
Package pdftex.def Info: figures/wind_canyon_f24.png  used on input line 80.
(pdftex.def)             Requested size: 225.4804pt x 145.8905pt.
<figures/wind_canyon_f30.png, id=361, 1228.59pt x 794.97pt>
File: figures/wind_canyon_f30.png Graphic file (type png)
<use figures/wind_canyon_f30.png>
Package pdftex.def Info: figures/wind_canyon_f30.png  used on input line 89.
(pdftex.def)             Requested size: 225.4804pt x 145.8905pt.
 [15] [16 <./figures/wind_canyon_f18.png> <./figures/wind_canyon_f20.png> <./fi
gures/wind_canyon_f24.png> <./figures/wind_canyon_f30.png>]
<figures/wind_fireprop_f15.png, id=380, 1228.59pt x 794.97pt>
File: figures/wind_fireprop_f15.png Graphic file (type png)
<use figures/wind_fireprop_f15.png>
Package pdftex.def Info: figures/wind_fireprop_f15.png  used on input line 131.

(pdftex.def)             Requested size: 225.4804pt x 145.8905pt.
<figures/wind_fireprop_f18.png, id=381, 1228.59pt x 794.97pt>
File: figures/wind_fireprop_f18.png Graphic file (type png)
<use figures/wind_fireprop_f18.png>
Package pdftex.def Info: figures/wind_fireprop_f18.png  used on input line 137.

(pdftex.def)             Requested size: 225.4804pt x 145.8905pt.
<figures/wind_perp_f15.png, id=383, 1228.59pt x 794.97pt>
File: figures/wind_perp_f15.png Graphic file (type png)
<use figures/wind_perp_f15.png>
Package pdftex.def Info: figures/wind_perp_f15.png  used on input line 157.
(pdftex.def)             Requested size: 469.75502pt x 303.9598pt.
 [17 <./figures/wind_fireprop_f15.png> <./figures/wind_fireprop_f18.png>] [18 <
./figures/wind_perp_f15.png>] [19]
<figures/shear_canyon_f15.png, id=410, 1228.59pt x 794.97pt>
File: figures/shear_canyon_f15.png Graphic file (type png)
<use figures/shear_canyon_f15.png>
Package pdftex.def Info: figures/shear_canyon_f15.png  used on input line 239.
(pdftex.def)             Requested size: 225.4804pt x 145.8905pt.
<figures/shear_canyon_f18.png, id=411, 1228.59pt x 794.97pt>
File: figures/shear_canyon_f18.png Graphic file (type png)
<use figures/shear_canyon_f18.png>
Package pdftex.def Info: figures/shear_canyon_f18.png  used on input line 245.
(pdftex.def)             Requested size: 225.4804pt x 145.8905pt.
 [20 <./figures/shear_canyon_f15.png> <./figures/shear_canyon_f18.png>]) (secti
ons/04_moisture.tex
[21]
<figures/rh_canyon_f15.png, id=432, 1228.59pt x 794.97pt>
File: figures/rh_canyon_f15.png Graphic file (type png)
<use figures/rh_canyon_f15.png>
Package pdftex.def Info: figures/rh_canyon_f15.png  used on input line 54.
(pdftex.def)             Requested size: 469.75502pt x 303.9598pt.
<figures/rh_fireprop_f15.png, id=434, 1228.59pt x 794.97pt>
File: figures/rh_fireprop_f15.png Graphic file (type png)
<use figures/rh_fireprop_f15.png>
Package pdftex.def Info: figures/rh_fireprop_f15.png  used on input line 71.
(pdftex.def)             Requested size: 469.75502pt x 303.9598pt.
<figures/rh_canyon_f18.png, id=438, 1228.59pt x 794.97pt>
File: figures/rh_canyon_f18.png Graphic file (type png)
<use figures/rh_canyon_f18.png>
Package pdftex.def Info: figures/rh_canyon_f18.png  used on input line 118.
(pdftex.def)             Requested size: 469.75502pt x 303.9598pt.
<figures/rh_canyon_f24.png, id=441, 1228.59pt x 794.97pt>
File: figures/rh_canyon_f24.png Graphic file (type png)
<use figures/rh_canyon_f24.png>
Package pdftex.def Info: figures/rh_canyon_f24.png  used on input line 128.
(pdftex.def)             Requested size: 469.75502pt x 303.9598pt.
 [22] [23 <./figures/rh_canyon_f15.png>] [24 <./figures/rh_fireprop_f15.png>] [
25 <./figures/rh_canyon_f18.png>] [26 <./figures/rh_canyon_f24.png>]
<figures/dewdep_canyon_f15.png, id=475, 1228.59pt x 794.97pt>
File: figures/dewdep_canyon_f15.png Graphic file (type png)
<use figures/dewdep_canyon_f15.png>
Package pdftex.def Info: figures/dewdep_canyon_f15.png  used on input line 184.

(pdftex.def)             Requested size: 469.75502pt x 303.9598pt.
<figures/q_canyon_f15.png, id=478, 1228.59pt x 794.97pt>
File: figures/q_canyon_f15.png Graphic file (type png)
<use figures/q_canyon_f15.png>
Package pdftex.def Info: figures/q_canyon_f15.png  used on input line 237.
(pdftex.def)             Requested size: 469.75502pt x 303.9598pt.

[27] [28 <./figures/dewdep_canyon_f15.png>] [29 <./figures/q_canyon_f15.png>]
<figures/vpd_canyon_f15.png, id=502, 1228.59pt x 794.97pt>
File: figures/vpd_canyon_f15.png Graphic file (type png)
<use figures/vpd_canyon_f15.png>
Package pdftex.def Info: figures/vpd_canyon_f15.png  used on input line 288.
(pdftex.def)             Requested size: 469.75502pt x 303.9598pt.
<figures/vpd_canyon_f20.png, id=503, 1228.59pt x 794.97pt>
File: figures/vpd_canyon_f20.png Graphic file (type png)
<use figures/vpd_canyon_f20.png>
Package pdftex.def Info: figures/vpd_canyon_f20.png  used on input line 297.
(pdftex.def)             Requested size: 469.75502pt x 303.9598pt.

[30 <./figures/vpd_canyon_f15.png>] [31 <./figures/vpd_canyon_f20.png>]
<figures/vpd_fireprop_f15.png, id=523, 1228.59pt x 794.97pt>
File: figures/vpd_fireprop_f15.png Graphic file (type png)
<use figures/vpd_fireprop_f15.png>
Package pdftex.def Info: figures/vpd_fireprop_f15.png  used on input line 315.
(pdftex.def)             Requested size: 469.75502pt x 303.9598pt.
)
(sections/05_thermodynamics.tex [32 <./figures/vpd_fireprop_f15.png>]
<figures/temp_canyon_f15.png, id=533, 1228.59pt x 794.97pt>
File: figures/temp_canyon_f15.png Graphic file (type png)
<use figures/temp_canyon_f15.png>
Package pdftex.def Info: figures/temp_canyon_f15.png  used on input line 50.
(pdftex.def)             Requested size: 469.75502pt x 303.9598pt.
<figures/temp_ns_f15.png, id=536, 1228.59pt x 794.97pt>
File: figures/temp_ns_f15.png Graphic file (type png)
<use figures/temp_ns_f15.png>
Package pdftex.def Info: figures/temp_ns_f15.png  used on input line 98.
(pdftex.def)             Requested size: 469.75502pt x 303.9598pt.
 [33]
[34 <./figures/temp_canyon_f15.png>] [35 <./figures/temp_ns_f15.png>]
<figures/temp_canyon_f20.png, id=557, 1228.59pt x 794.97pt>
File: figures/temp_canyon_f20.png Graphic file (type png)
<use figures/temp_canyon_f20.png>
Package pdftex.def Info: figures/temp_canyon_f20.png  used on input line 115.
(pdftex.def)             Requested size: 469.75502pt x 303.9598pt.
<figures/lapserate_canyon_f15.png, id=560, 1228.59pt x 794.97pt>
File: figures/lapserate_canyon_f15.png Graphic file (type png)
<use figures/lapserate_canyon_f15.png>
Package pdftex.def Info: figures/lapserate_canyon_f15.png  used on input line 1
55.
(pdftex.def)             Requested size: 469.75502pt x 303.9598pt.
 [36 <./figures/temp_canyon_f20.png>] [37 <./figures/lapserate_canyon_f15.png>]
<figures/wetbulb_canyon_f15.png, id=579, 1228.59pt x 794.97pt>
File: figures/wetbulb_canyon_f15.png Graphic file (type png)
<use figures/wetbulb_canyon_f15.png>
Package pdftex.def Info: figures/wetbulb_canyon_f15.png  used on input line 200
.
(pdftex.def)             Requested size: 469.75502pt x 303.9598pt.
 [38 <./figures/wetbulb_canyon_f15.png>]
<figures/thetae_canyon_f15.png, id=588, 1228.59pt x 794.97pt>
File: figures/thetae_canyon_f15.png Graphic file (type png)
<use figures/thetae_canyon_f15.png>
Package pdftex.def Info: figures/thetae_canyon_f15.png  used on input line 249.

(pdftex.def)             Requested size: 469.75502pt x 303.9598pt.
 [39] [40 <./figures/thetae_canyon_f15.png>])
(sections/06_vertical_motion.tex [41]
<figures/omega_canyon_f15.png, id=628, 1228.59pt x 794.97pt>
File: figures/omega_canyon_f15.png Graphic file (type png)
<use figures/omega_canyon_f15.png>
Package pdftex.def Info: figures/omega_canyon_f15.png  used on input line 35.
(pdftex.def)             Requested size: 469.75502pt x 303.9598pt.
<figures/omega_fireprop_f15.png, id=630, 1228.59pt x 794.97pt>
File: figures/omega_fireprop_f15.png Graphic file (type png)
<use figures/omega_fireprop_f15.png>
Package pdftex.def Info: figures/omega_fireprop_f15.png  used on input line 53.

(pdftex.def)             Requested size: 469.75502pt x 303.9598pt.
<figures/omega_canyon_f18.png, id=632, 1228.59pt x 794.97pt>
File: figures/omega_canyon_f18.png Graphic file (type png)
<use figures/omega_canyon_f18.png>
Package pdftex.def Info: figures/omega_canyon_f18.png  used on input line 64.
(pdftex.def)             Requested size: 469.75502pt x 303.9598pt.
 [42] [43 <./figures/omega_canyon_f15.png>] [44 <./figures/omega_fireprop_f15.p
ng>] [45 <./figures/omega_canyon_f18.png>]
<figures/omega_ew_f15.png, id=660, 1228.59pt x 794.97pt>
File: figures/omega_ew_f15.png Graphic file (type png)
<use figures/omega_ew_f15.png>
Package pdftex.def Info: figures/omega_ew_f15.png  used on input line 93.
(pdftex.def)             Requested size: 469.75502pt x 303.9598pt.
[46 <./figures/omega_ew_f15.png>]
<figures/frontogen_canyon_f15.png, id=671, 1228.59pt x 794.97pt>
File: figures/frontogen_canyon_f15.png Graphic file (type png)
<use figures/frontogen_canyon_f15.png>
Package pdftex.def Info: figures/frontogen_canyon_f15.png  used on input line 1
31.
(pdftex.def)             Requested size: 469.75502pt x 303.9598pt.
) (sections/07_fire_weather.tex [47] [48 <./figures/frontogen_canyon_f15.png>]
<figures/firewx_canyon_f15.png, id=686, 1228.59pt x 794.97pt>
File: figures/firewx_canyon_f15.png Graphic file (type png)
<use figures/firewx_canyon_f15.png>
Package pdftex.def Info: figures/firewx_canyon_f15.png  used on input line 13.
(pdftex.def)             Requested size: 469.75502pt x 303.9598pt.
 [49 <./figures/firewx_canyon_f15.png>]
<figures/firewx_fireprop_f15.png, id=695, 1228.59pt x 794.97pt>
File: figures/firewx_fireprop_f15.png Graphic file (type png)
<use figures/firewx_fireprop_f15.png>
Package pdftex.def Info: figures/firewx_fireprop_f15.png  used on input line 31
.
(pdftex.def)             Requested size: 469.75502pt x 303.9598pt.

[50 <./figures/firewx_fireprop_f15.png>]
<figures/firewx_canyon_f18.png, id=708, 1228.59pt x 794.97pt>
File: figures/firewx_canyon_f18.png Graphic file (type png)
<use figures/firewx_canyon_f18.png>
Package pdftex.def Info: figures/firewx_canyon_f18.png  used on input line 62.
(pdftex.def)             Requested size: 469.75502pt x 303.9598pt.
<figures/firewx_canyon_f20.png, id=709, 1228.59pt x 794.97pt>
File: figures/firewx_canyon_f20.png Graphic file (type png)
<use figures/firewx_canyon_f20.png>
Package pdftex.def Info: figures/firewx_canyon_f20.png  used on input line 69.
(pdftex.def)             Requested size: 469.75502pt x 303.9598pt.
 [51 <./figures/firewx_canyon_f18.png>] [52 <./figures/firewx_canyon_f20.png>]
<figures/cloud_canyon_f15.png, id=730, 1228.59pt x 794.97pt>
File: figures/cloud_canyon_f15.png Graphic file (type png)
<use figures/cloud_canyon_f15.png>
Package pdftex.def Info: figures/cloud_canyon_f15.png  used on input line 110.
(pdftex.def)             Requested size: 469.75502pt x 303.9598pt.
 [53] [54 <./figures/cloud_canyon_f15.png>]
<figures/moisttrans_canyon_f15.png, id=749, 1228.59pt x 794.97pt>
File: figures/moisttrans_canyon_f15.png Graphic file (type png)
<use figures/moisttrans_canyon_f15.png>
Package pdftex.def Info: figures/moisttrans_canyon_f15.png  used on input line 
129.
(pdftex.def)             Requested size: 469.75502pt x 303.9598pt.
 [55 <./figures/moisttrans_canyon_f15.png>] [56])
(sections/08_conclusions.tex
Underfull \hbox (badness 10000) in paragraph at lines 19--19
\T1/ptm/m/n/10.95 (+20) hPa, aligned with
 []


Underfull \hbox (badness 1038) in paragraph at lines 31--32
[]|\T1/ptm/m/n/10.95 (+20) No win-dow for sup-pres-sion; no
 []

[57] [58] [59] [60])
Package microtype Info: Loading generic protrusion settings for font family
(microtype)             `cmtt' (encoding: T1).
(microtype)             For optimal results, create family-specific settings.
(microtype)             See the microtype manual for details.
 (main.bbl [61] [62] [63]) [64] (main.aux)
 ***********
LaTeX2e <2025-11-01>
L3 programming layer <2025-12-24>
 ***********
Package rerunfilecheck Info: File `main.out' has not changed.
(rerunfilecheck)             Checksum: 60BEE302CE45983D71F39D986F38AF72;8466.
 ) 
Here is how much of TeX's memory you used:
 17075 strings out of 467871
 276428 string characters out of 5418861
 735760 words of memory out of 5000000
 44883 multiletter control sequences out of 15000+600000
 723699 words of font info for 519 fonts, out of 8000000 for 9000
 1141 hyphenation exceptions out of 8191
 75i,12n,84p,1730b,637s stack positions out of 10000i,1000n,20000p,200000b,200000s
 <C:\Users\drew\AppData\Local\MiKTeX\fonts/pk/ljfour/jknappen/ec/dpi600\ectt1
095.pk><C:/Users/drew/AppData/Local/Programs/MiKTeX/fonts/type1/public/amsfonts
/cm/cmmi10.pfb><C:/Users/drew/AppData/Local/Programs/MiKTeX/fonts/type1/public/
amsfonts/cm/cmr10.pfb><C:/Users/drew/AppData/Local/Programs/MiKTeX/fonts/type1/
public/amsfonts/cm/cmsy10.pfb><C:/Users/drew/AppData/Local/Programs/MiKTeX/font
s/type1/urw/symbol/usyr.pfb><C:/Users/drew/AppData/Local/Programs/MiKTeX/fonts/
type1/urw/symbol/usyr.pfb><C:/Users/drew/AppData/Local/Programs/MiKTeX/fonts/ty
pe1/urw/times/utmb8a.pfb><C:/Users/drew/AppData/Local/Programs/MiKTeX/fonts/typ
e1/urw/times/utmr8a.pfb><C:/Users/drew/AppData/Local/Programs/MiKTeX/fonts/type
1/urw/times/utmri8a.pfb>
Output written on main.pdf (64 pages, 8778516 bytes).
PDF statistics:
 947 PDF objects out of 1000 (max. 8388607)
 231 named destinations out of 1000 (max. 500000)
 95293 words of extra memory for PDF output out of 106986 (max. 10000000)

